This file contains any messages produced by compilers while
running configure, to aid debugging if configure makes a mistake.

It was created by configure, which was
generated by GNU Autoconf 2.69.  Invocation command line was

  $ ./configure 

## --------- ##
## Platform. ##
## --------- ##

hostname = basedMan
uname -m = x86_64
uname -r = 3.16.7.3-1-MANJARO
uname -s = Linux
uname -v = #1 SMP PREEMPT Fri Dec 19 18:34:00 UTC 2014

/usr/bin/uname -p = unknown
/bin/uname -X     = unknown

/bin/arch              = unknown
/usr/bin/arch -k       = unknown
/usr/convex/getsysinfo = unknown
/usr/bin/hostinfo      = unknown
/bin/machine           = unknown
/usr/bin/oslevel       = unknown
/bin/universe          = unknown

PATH: /usr/local/jdk1.7.0/bin
PATH: /usr/local/sbin
PATH: /usr/local/bin
PATH: /usr/bin
PATH: /usr/lib/jvm/default/bin
PATH: /usr/bin/site_perl
PATH: /usr/bin/vendor_perl
PATH: /usr/bin/core_perl


## ----------- ##
## Core tests. ##
## ----------- ##

configure:1912: checking for gcc
configure:1928: found /usr/bin/gcc
configure:1939: result: gcc
configure:2168: checking for C compiler version
configure:2177: gcc --version >&5
gcc (GCC) 4.9.2
Copyright (C) 2014 Free Software Foundation, Inc.
This is free software; see the source for copying conditions.  There is NO
warranty; not even for MERCHANTABILITY or FITNESS FOR A PARTICULAR PURPOSE.

configure:2188: $? = 0
configure:2177: gcc -v >&5
Using built-in specs.
COLLECT_GCC=gcc
COLLECT_LTO_WRAPPER=/usr/lib/gcc/x86_64-unknown-linux-gnu/4.9.2/lto-wrapper
Target: x86_64-unknown-linux-gnu
Configured with: /build/gcc-multilib/src/gcc-4.9.2/configure --prefix=/usr --libdir=/usr/lib --libexecdir=/usr/lib --mandir=/usr/share/man --infodir=/usr/share/info --with-bugurl=https://bugs.archlinux.org/ --enable-languages=c,c++,ada,fortran,go,lto,objc,obj-c++ --enable-shared --enable-threads=posix --with-system-zlib --enable-__cxa_atexit --disable-libunwind-exceptions --enable-clocale=gnu --disable-libstdcxx-pch --disable-libssp --enable-gnu-unique-object --enable-linker-build-id --enable-cloog-backend=isl --enable-lto --enable-plugin --enable-install-libiberty --with-linker-hash-style=gnu --enable-multilib --disable-werror --enable-checking=release
Thread model: posix
gcc version 4.9.2 (GCC) 
configure:2188: $? = 0
configure:2177: gcc -V >&5
gcc: error: unrecognized command line option '-V'
gcc: fatal error: no input files
compilation terminated.
configure:2188: $? = 1
configure:2177: gcc -qversion >&5
gcc: error: unrecognized command line option '-qversion'
gcc: fatal error: no input files
compilation terminated.
configure:2188: $? = 1
configure:2208: checking whether the C compiler works
configure:2230: gcc    conftest.c  >&5
configure:2234: $? = 0
configure:2282: result: yes
configure:2285: checking for C compiler default output file name
configure:2287: result: a.out
configure:2293: checking for suffix of executables
configure:2300: gcc -o conftest    conftest.c  >&5
configure:2304: $? = 0
configure:2326: result: 
configure:2348: checking whether we are cross compiling
configure:2356: gcc -o conftest    conftest.c  >&5
configure:2360: $? = 0
configure:2367: ./conftest
configure:2371: $? = 0
configure:2386: result: no
configure:2391: checking for suffix of object files
configure:2413: gcc -c   conftest.c >&5
configure:2417: $? = 0
configure:2438: result: o
configure:2442: checking whether we are using the GNU C compiler
configure:2461: gcc -c   conftest.c >&5
configure:2461: $? = 0
configure:2470: result: yes
configure:2479: checking whether gcc accepts -g
configure:2499: gcc -c -g  conftest.c >&5
configure:2499: $? = 0
configure:2540: result: yes
configure:2557: checking for gcc option to accept ISO C89
configure:2620: gcc  -c -g -O2  conftest.c >&5
configure:2620: $? = 0
configure:2633: result: none needed
configure:2655: checking for getopt_long
configure:2655: gcc -o conftest -g -O2   conftest.c  >&5
configure:2655: $? = 0
configure:2655: result: yes
configure:2682: checking for kpse_set_program_name in -lkpathsea
configure:2707: gcc -o conftest -g -O2   conftest.c -lkpathsea   >&5
configure:2707: $? = 0
configure:2716: result: yes
configure:2939: creating ./config.status

## ---------------------- ##
## Running config.status. ##
## ---------------------- ##

This file was extended by config.status, which was
generated by GNU Autoconf 2.69.  Invocation command line was

  CONFIG_FILES    = 
  CONFIG_HEADERS  = 
  CONFIG_LINKS    = 
  CONFIG_COMMANDS = 
  $ ./config.status 

on basedMan

config.status:725: creating config.mk
config.status:824: WARNING:  'config.mk.in' seems to ignore the --datarootdir setting
config.status:725: creating version.h

## ---------------- ##
## Cache variables. ##
## ---------------- ##

ac_cv_c_compiler_gnu=yes
ac_cv_env_CC_set=
ac_cv_env_CC_value=
ac_cv_env_CFLAGS_set=
ac_cv_env_CFLAGS_value=
ac_cv_env_CPPFLAGS_set=
ac_cv_env_CPPFLAGS_value=
ac_cv_env_LDFLAGS_set=
ac_cv_env_LDFLAGS_value=
ac_cv_env_LIBS_set=
ac_cv_env_LIBS_value=
ac_cv_env_build_alias_set=
ac_cv_env_build_alias_value=
ac_cv_env_host_alias_set=
ac_cv_env_host_alias_value=
ac_cv_env_target_alias_set=
ac_cv_env_target_alias_value=
ac_cv_func_getopt_long=yes
ac_cv_lib_kpathsea_kpse_set_program_name=yes
ac_cv_objext=o
ac_cv_prog_ac_ct_CC=gcc
ac_cv_prog_cc_c89=
ac_cv_prog_cc_g=yes

## ----------------- ##
## Output variables. ##
## ----------------- ##

CC='gcc'
CFG_HAS_GETOPT_LONG='yes'
CFG_HAS_KPATHSEA='yes'
CFG_KPATHSEA_HAS_GETOPT_LONG='no'
CFG_SHOW_PSETOUNIC_WARNINGS='no'
CFLAGS='-g -O2'
CPPFLAGS=''
DEFS='-DPACKAGE_NAME=\"\" -DPACKAGE_TARNAME=\"\" -DPACKAGE_VERSION=\"\" -DPACKAGE_STRING=\"\" -DPACKAGE_BUGREPORT=\"\" -DPACKAGE_URL=\"\"'
ECHO_C=''
ECHO_N='-n'
ECHO_T=''
EXEEXT=''
LDFLAGS=''
LIBOBJS=''
LIBS=''
LTLIBOBJS=''
OBJEXT='o'
PACKAGE='catdvi'
PACKAGE_BUGREPORT=''
PACKAGE_NAME=''
PACKAGE_STRING=''
PACKAGE_TARNAME=''
PACKAGE_URL=''
PACKAGE_VERSION=''
PATH_SEPARATOR=':'
SHELL='/bin/sh'
VERSION='0.14'
ac_ct_CC='gcc'
bindir='${exec_prefix}/bin'
build_alias=''
datadir='${datarootdir}'
datarootdir='${prefix}/share'
docdir='${datarootdir}/doc/${PACKAGE}'
dvidir='${docdir}'
exec_prefix='${prefix}'
host_alias=''
htmldir='${docdir}'
includedir='${prefix}/include'
infodir='${datarootdir}/info'
libdir='${exec_prefix}/lib'
libexecdir='${exec_prefix}/libexec'
localedir='${datarootdir}/locale'
localstatedir='${prefix}/var'
mandir='${datarootdir}/man'
oldincludedir='/usr/include'
pdfdir='${docdir}'
prefix='/usr/local'
program_transform_name='s,x,x,'
psdir='${docdir}'
sbindir='${exec_prefix}/sbin'
sharedstatedir='${prefix}/com'
sysconfdir='${prefix}/etc'
target_alias=''

## ----------- ##
## confdefs.h. ##
## ----------- ##

/* confdefs.h */
#define PACKAGE_NAME ""
#define PACKAGE_TARNAME ""
#define PACKAGE_VERSION ""
#define PACKAGE_STRING ""
#define PACKAGE_BUGREPORT ""
#define PACKAGE_URL ""

configure: exit 0
